<?xml version="1.0" encoding="UTF-8"?>
<!-- Generated by org.testng.reporters.JUnitReportReporter -->
<testsuite hostname="Nimitha" failures="0" tests="1" name="Sample_Maven_ELF39.Sample_Maven_demoTest" time="0.008" errors="0" timestamp="2022-12-12T17:37:06 IST" skipped="0">
  <testcase classname="Sample_Maven_ELF39.Sample_Maven_demoTest" name="Demo" time="0.008"/>
  <system-out/>
</testsuite> <!-- Sample_Maven_ELF39.Sample_Maven_demoTest -->
