<?xml version="1.0" encoding="UTF-8"?>
<!-- Generated by org.testng.reporters.JUnitReportReporter -->
<testsuite hostname="Nimitha" failures="0" tests="1" name="Sample_Maven_ELF39.Register_01cmdTest" time="2.380" errors="0" timestamp="2022-11-18T12:09:30 IST" skipped="0">
  <testcase classname="Sample_Maven_ELF39.Register_01cmdTest" name="TC01" time="2.380"/>
  <system-out/>
</testsuite> <!-- Sample_Maven_ELF39.Register_01cmdTest -->
