<?xml version="1.0" encoding="UTF-8"?>
<!-- Generated by org.testng.reporters.JUnitReportReporter -->
<testsuite hostname="Nimitha" failures="0" tests="1" name="Sample_Maven_ELF39.Dms_searchTest" time="8.493" errors="0" timestamp="2022-11-17T17:09:49 IST" skipped="0">
  <testcase classname="Sample_Maven_ELF39.Dms_searchTest" name="TC01" time="8.493"/>
  <system-out/>
</testsuite> <!-- Sample_Maven_ELF39.Dms_searchTest -->
