<?xml version="1.0" encoding="UTF-8"?>
<!-- Generated by org.testng.reporters.JUnitReportReporter -->
<testsuite hostname="Nimitha" failures="0" tests="1" name="Sample_Maven_ELF39.Dms_searchTest" time="7.174" errors="0" timestamp="2022-12-12T17:37:06 IST" skipped="0">
  <testcase classname="Sample_Maven_ELF39.Dms_searchTest" name="TC01" time="7.174"/>
  <system-out/>
</testsuite> <!-- Sample_Maven_ELF39.Dms_searchTest -->
